<?xml version="1.0" encoding="UTF-8"?>
<testsuite name="real device test"
           tests="1"
           failures="1"
           errors="0"
           skipped="0"
           time="20.547">
  <properties />
            <testcase name="LoginPage" time="20.547" classname="com.yogi.TinyOwlTest">
                <failure type="org.openqa.selenium.NoSuchElementException"
                  message="An element could not be located on the page using the given search parameters. (WARNING: The server did not provide any stacktrace information)
Command duration or timeout: 10.09 seconds
For documentation on this error, please visit: http://seleniumhq.org/exceptions/no_such_element.html
Build info: version: &apos;2.44.0&apos;, revision: &apos;76d78cf323ce037c5f92db6c1bba601c2ac43ad8&apos;, time: &apos;2014-10-23 13:11:40&apos;
System info: host: &apos;ARVIND-PC&apos;, ip: &apos;192.168.10.104&apos;, os.name: &apos;Windows 7&apos;, os.arch: &apos;amd64&apos;, os.version: &apos;6.1&apos;, java.version: &apos;1.8.0_25&apos;
Driver info: io.appium.java_client.android.AndroidDriver
Capabilities [{app=C:\Users\ARVIND\Documents\appiumNewFramework\ArvindAppium\.\testapp\naukriApp.appModules.login.apk, networkConnectionEnabled=true, noReset=true, warnings={}, databaseEnabled=false, deviceName=TA933071OQ, platform=LINUX, desired={app=C:\Users\ARVIND\Documents\appiumNewFramework\ArvindAppium\.\testapp\naukriApp.appModules.login.apk, appium-version=1.2.2, noReset=true, newCommandTimeout=60, platformVersion=4.4.2, automationName=Appium, locationContextEnabled=true, udid=TA933071OQ, platformName=Android, deviceName=TA933071OQ}, appium-version=1.2.2, newCommandTimeout=60, platformVersion=4.4.2, webStorageEnabled=false, locationContextEnabled=true, automationName=Appium, browserName=Android, takesScreenshot=true, javascriptEnabled=true, udid=TA933071OQ, platformName=Android}]
Session ID: b91a0ee0-ef66-44f9-866a-660ea0447f18"
              >
<![CDATA[org.openqa.selenium.NoSuchElementException: An element could not be located on the page using the given search parameters. (WARNING: The server did not provide any stacktrace information)
Command duration or timeout: 10.09 seconds
For documentation on this error, please visit: http://seleniumhq.org/exceptions/no_such_element.html
Build info: version: '2.44.0', revision: '76d78cf323ce037c5f92db6c1bba601c2ac43ad8', time: '2014-10-23 13:11:40'
System info: host: 'ARVIND-PC', ip: '192.168.10.104', os.name: 'Windows 7', os.arch: 'amd64', os.version: '6.1', java.version: '1.8.0_25'
Driver info: io.appium.java_client.android.AndroidDriver
Capabilities [{app=C:\Users\ARVIND\Documents\appiumNewFramework\ArvindAppium\.\testapp\naukriApp.appModules.login.apk, networkConnectionEnabled=true, noReset=true, warnings={}, databaseEnabled=false, deviceName=TA933071OQ, platform=LINUX, desired={app=C:\Users\ARVIND\Documents\appiumNewFramework\ArvindAppium\.\testapp\naukriApp.appModules.login.apk, appium-version=1.2.2, noReset=true, newCommandTimeout=60, platformVersion=4.4.2, automationName=Appium, locationContextEnabled=true, udid=TA933071OQ, platformName=Android, deviceName=TA933071OQ}, appium-version=1.2.2, newCommandTimeout=60, platformVersion=4.4.2, webStorageEnabled=false, locationContextEnabled=true, automationName=Appium, browserName=Android, takesScreenshot=true, javascriptEnabled=true, udid=TA933071OQ, platformName=Android}]
Session ID: b91a0ee0-ef66-44f9-866a-660ea0447f18
  sun.reflect.NativeConstructorAccessorImpl.newInstance0(Native Method)
  sun.reflect.NativeConstructorAccessorImpl.newInstance(Unknown Source)
  sun.reflect.DelegatingConstructorAccessorImpl.newInstance(Unknown Source)
  java.lang.reflect.Constructor.newInstance(Unknown Source)
  org.openqa.selenium.remote.ErrorHandler.createThrowable(ErrorHandler.java:204)
  org.openqa.selenium.remote.ErrorHandler.throwIfResponseFailed(ErrorHandler.java:156)
  org.openqa.selenium.remote.RemoteWebDriver.execute(RemoteWebDriver.java:599)
  io.appium.java_client.AppiumDriver.execute(AppiumDriver.java:180)
  org.openqa.selenium.remote.RemoteWebDriver.findElement(RemoteWebDriver.java:352)
  org.openqa.selenium.remote.RemoteWebDriver.findElementById(RemoteWebDriver.java:393)
  tinyOwnPages.MainPage.editLocation(MainPage.java:33)
  com.yogi.TinyOwlTest.LoginPage(TinyOwlTest.java:31)
  sun.reflect.NativeMethodAccessorImpl.invoke0(Native Method)
  sun.reflect.NativeMethodAccessorImpl.invoke(Unknown Source)
  sun.reflect.DelegatingMethodAccessorImpl.invoke(Unknown Source)
  java.lang.reflect.Method.invoke(Unknown Source)
  org.testng.internal.MethodInvocationHelper.invokeMethod(MethodInvocationHelper.java:84)
  org.testng.internal.Invoker.invokeMethod(Invoker.java:714)
  org.testng.internal.Invoker.invokeTestMethod(Invoker.java:901)
  org.testng.internal.Invoker.invokeTestMethods(Invoker.java:1231)
  org.testng.internal.TestMethodWorker.invokeTestMethods(TestMethodWorker.java:127)
  org.testng.internal.TestMethodWorker.run(TestMethodWorker.java:111)
  org.testng.TestRunner.privateRun(TestRunner.java:767)
  org.testng.TestRunner.run(TestRunner.java:617)
  org.testng.SuiteRunner.runTest(SuiteRunner.java:334)
  org.testng.SuiteRunner.access$000(SuiteRunner.java:37)
  org.testng.SuiteRunner$SuiteWorker.run(SuiteRunner.java:368)
  org.testng.internal.thread.ThreadUtil$2.call(ThreadUtil.java:64)
  java.util.concurrent.FutureTask.run(Unknown Source)
  java.util.concurrent.ThreadPoolExecutor.runWorker(Unknown Source)
  java.util.concurrent.ThreadPoolExecutor$Worker.run(Unknown Source)
  java.lang.Thread.run(Unknown Source)
]]>
      </failure>

          </testcase>
  
  
  
</testsuite>
